This is pdfTeX, Version 3.141592653-2.6-1.40.25 (TeX Live 2023/Debian) (preloaded format=pdflatex 2024.11.28)  2 FEB 2025 04:07
entering extended mode
 restricted \write18 enabled.
 file:line:error style messages enabled.
 %&-line parsing enabled.
**"/home/glen/Desktop/Soft_BD/Voltman/Informes/Manual de Usuario/manual_de_usuario.tex"
(/home/glen/Desktop/Soft_BD/Voltman/Informes/Manual de Usuario/manual_de_usuario.tex
LaTeX2e <2023-11-01> patch level 1
L3 programming layer <2024-01-22>
(/usr/share/texlive/texmf-dist/tex/latex/base/article.cls
Document Class: article 2023/05/17 v1.4n Standard LaTeX document class
(/usr/share/texlive/texmf-dist/tex/latex/base/size10.clo
File: size10.clo 2023/05/17 v1.4n Standard LaTeX file (size option)
)
\c@part=\count187
\c@section=\count188
\c@subsection=\count189
\c@subsubsection=\count190
\c@paragraph=\count191
\c@subparagraph=\count192
\c@figure=\count193
\c@table=\count194
\abovecaptionskip=\skip48
\belowcaptionskip=\skip49
\bibindent=\dimen140
) (/usr/share/texlive/texmf-dist/tex/latex/base/inputenc.sty
Package: inputenc 2021/02/14 v1.3d Input encoding file
\inpenc@prehook=\toks17
\inpenc@posthook=\toks18
) (/usr/share/texlive/texmf-dist/tex/latex/geometry/geometry.sty
Package: geometry 2020/01/02 v5.9 Page Geometry
 (/usr/share/texlive/texmf-dist/tex/latex/graphics/keyval.sty
Package: keyval 2022/05/29 v1.15 key=value parser (DPC)
\KV@toks@=\toks19
) (/usr/share/texlive/texmf-dist/tex/generic/iftex/ifvtex.sty
Package: ifvtex 2019/10/25 v1.7 ifvtex legacy package. Use iftex instead.
 (/usr/share/texlive/texmf-dist/tex/generic/iftex/iftex.sty
Package: iftex 2022/02/03 v1.0f TeX engine tests
))
\Gm@cnth=\count195
\Gm@cntv=\count196
\c@Gm@tempcnt=\count197
\Gm@bindingoffset=\dimen141
\Gm@wd@mp=\dimen142
\Gm@odd@mp=\dimen143
\Gm@even@mp=\dimen144
\Gm@layoutwidth=\dimen145
\Gm@layoutheight=\dimen146
\Gm@layouthoffset=\dimen147
\Gm@layoutvoffset=\dimen148
\Gm@dimlist=\toks20
) (/usr/share/texlive/texmf-dist/tex/latex/graphics/graphicx.sty
Package: graphicx 2021/09/16 v1.2d Enhanced LaTeX Graphics (DPC,SPQR)
 (/usr/share/texlive/texmf-dist/tex/latex/graphics/graphics.sty
Package: graphics 2022/03/10 v1.4e Standard LaTeX Graphics (DPC,SPQR)
 (/usr/share/texlive/texmf-dist/tex/latex/graphics/trig.sty
Package: trig 2021/08/11 v1.11 sin cos tan (DPC)
) (/usr/share/texlive/texmf-dist/tex/latex/graphics-cfg/graphics.cfg
File: graphics.cfg 2016/06/04 v1.11 sample graphics configuration
)
Package graphics Info: Driver file: pdftex.def on input line 107.
 (/usr/share/texlive/texmf-dist/tex/latex/graphics-def/pdftex.def
File: pdftex.def 2022/09/22 v1.2b Graphics/color driver for pdftex
))
\Gin@req@height=\dimen149
\Gin@req@width=\dimen150
) (/usr/share/texlive/texmf-dist/tex/latex/l3backend/l3backend-pdftex.def
File: l3backend-pdftex.def 2024-01-04 L3 backend support: PDF output (pdfTeX)
\l__color_backend_stack_int=\count198
\l__pdf_internal_box=\box51
) (./manual_de_usuario.aux)
\openout1 = `manual_de_usuario.aux'.

LaTeX Font Info:    Checking defaults for OML/cmm/m/it on input line 11.
LaTeX Font Info:    ... okay on input line 11.
LaTeX Font Info:    Checking defaults for OMS/cmsy/m/n on input line 11.
LaTeX Font Info:    ... okay on input line 11.
LaTeX Font Info:    Checking defaults for OT1/cmr/m/n on input line 11.
LaTeX Font Info:    ... okay on input line 11.
LaTeX Font Info:    Checking defaults for T1/cmr/m/n on input line 11.
LaTeX Font Info:    ... okay on input line 11.
LaTeX Font Info:    Checking defaults for TS1/cmr/m/n on input line 11.
LaTeX Font Info:    ... okay on input line 11.
LaTeX Font Info:    Checking defaults for OMX/cmex/m/n on input line 11.
LaTeX Font Info:    ... okay on input line 11.
LaTeX Font Info:    Checking defaults for U/cmr/m/n on input line 11.
LaTeX Font Info:    ... okay on input line 11.

*geometry* driver: auto-detecting
*geometry* detected driver: pdftex
*geometry* verbose mode - [ preamble ] result:
* driver: pdftex
* paper: a4paper
* layout: <same size as paper>
* layoutoffset:(h,v)=(0.0pt,0.0pt)
* modes: 
* h-part:(L,W,R)=(72.26999pt, 452.9679pt, 72.26999pt)
* v-part:(T,H,B)=(72.26999pt, 700.50687pt, 72.26999pt)
* \paperwidth=597.50787pt
* \paperheight=845.04684pt
* \textwidth=452.9679pt
* \textheight=700.50687pt
* \oddsidemargin=0.0pt
* \evensidemargin=0.0pt
* \topmargin=-37.0pt
* \headheight=12.0pt
* \headsep=25.0pt
* \topskip=10.0pt
* \footskip=30.0pt
* \marginparwidth=65.0pt
* \marginparsep=11.0pt
* \columnsep=10.0pt
* \skip\footins=9.0pt plus 4.0pt minus 2.0pt
* \hoffset=0.0pt
* \voffset=0.0pt
* \mag=1000
* \@twocolumnfalse
* \@twosidefalse
* \@mparswitchfalse
* \@reversemarginfalse
* (1in=72.27pt=25.4mm, 1cm=28.453pt)

(/usr/share/texlive/texmf-dist/tex/context/base/mkii/supp-pdf.mkii
[Loading MPS to PDF converter (version 2006.09.02).]
\scratchcounter=\count199
\scratchdimen=\dimen151
\scratchbox=\box52
\nofMPsegments=\count266
\nofMParguments=\count267
\everyMPshowfont=\toks21
\MPscratchCnt=\count268
\MPscratchDim=\dimen152
\MPnumerator=\count269
\makeMPintoPDFobject=\count270
\everyMPtoPDFconversion=\toks22
) (/usr/share/texlive/texmf-dist/tex/latex/epstopdf-pkg/epstopdf-base.sty
Package: epstopdf-base 2020-01-24 v2.11 Base part for package epstopdf
Package epstopdf-base Info: Redefining graphics rule for `.eps' on input line 485.
 (/usr/share/texlive/texmf-dist/tex/latex/latexconfig/epstopdf-sys.cfg
File: epstopdf-sys.cfg 2010/07/13 v1.3 Configuration of (r)epstopdf for TeX Live
))
LaTeX Font Info:    External font `cmex10' loaded for size
(Font)              <12> on input line 13.
LaTeX Font Info:    External font `cmex10' loaded for size
(Font)              <8> on input line 13.
LaTeX Font Info:    External font `cmex10' loaded for size
(Font)              <6> on input line 13.
 [1

{/var/lib/texmf/fonts/map/pdftex/updmap/pdftex.map}{/usr/share/texmf/fonts/enc/dvips/cm-super/cm-super-ts1.enc}]
<login_page.png, id=11, 509.905pt x 603.25375pt>
File: login_page.png Graphic file (type png)
<use login_page.png>
Package pdftex.def Info: login_page.png  used on input line 73.
(pdftex.def)             Requested size: 170.71652pt x 201.97389pt.
<home_page.png, id=13, 1858.945pt x 968.61874pt>
File: home_page.png Graphic file (type png)
<use home_page.png>
Package pdftex.def Info: home_page.png  used on input line 81.
(pdftex.def)             Requested size: 341.43306pt x 177.9058pt.


LaTeX Warning: `!h' float specifier changed to `!ht'.

<listar_users.png, id=14, 1858.945pt x 968.61874pt>
File: listar_users.png Graphic file (type png)
<use listar_users.png>
Package pdftex.def Info: listar_users.png  used on input line 95.
(pdftex.def)             Requested size: 341.43306pt x 177.9058pt.

LaTeX Warning: `!h' float specifier changed to `!ht'.

<add_user.png, id=15, 411.5375pt x 614.295pt>
File: add_user.png Graphic file (type png)
<use add_user.png>
Package pdftex.def Info: add_user.png  used on input line 103.
(pdftex.def)             Requested size: 142.26378pt x 212.35379pt.

LaTeX Warning: `!h' float specifier changed to `!ht'.

<add_user_response.png, id=16, 344.28625pt x 127.47626pt>
File: add_user_response.png Graphic file (type png)
<use add_user_response.png>
Package pdftex.def Info: add_user_response.png  used on input line 109.
(pdftex.def)             Requested size: 142.26378pt x 52.67407pt.

LaTeX Warning: `!h' float specifier changed to `!ht'.

<edit_user.png, id=17, 411.5375pt x 614.295pt>
File: edit_user.png Graphic file (type png)
<use edit_user.png>
Package pdftex.def Info: edit_user.png  used on input line 118.
(pdftex.def)             Requested size: 142.26378pt x 212.35379pt.

LaTeX Warning: `!h' float specifier changed to `!ht'.

<delete_user.png, id=18, 1745.52126pt x 96.36pt>
File: delete_user.png Graphic file (type png)
<use delete_user.png>
Package pdftex.def Info: delete_user.png  used on input line 126.
(pdftex.def)             Requested size: 455.24408pt x 25.13092pt.

Overfull \hbox (2.27618pt too wide) in paragraph at lines 126--127
 [][] 
 []

[2 <./login_page.png>]

LaTeX Warning: Text page 3 contains only floats.

[3 <./home_page.png> <./listar_users.png> <./add_user.png>]
<branch_page.png, id=29, 862.22125pt x 707.64375pt>
File: branch_page.png Graphic file (type png)
<use branch_page.png>
Package pdftex.def Info: branch_page.png  used on input line 145.
(pdftex.def)             Requested size: 341.43306pt x 280.21268pt.


LaTeX Warning: `!h' float specifier changed to `!ht'.

[4 <./add_user_response.png> <./edit_user.png> <./delete_user.png>]
<list_area.png, id=36, 1838.87pt x 565.11125pt>
File: list_area.png Graphic file (type png)
<use list_area.png>
Package pdftex.def Info: list_area.png  used on input line 161.
(pdftex.def)             Requested size: 398.33858pt x 122.41057pt.
<add_area.png, id=37, 1796.7125pt x 113.42375pt>
File: add_area.png Graphic file (type png)
<use add_area.png>
Package pdftex.def Info: add_area.png  used on input line 167.
(pdftex.def)             Requested size: 398.33858pt x 25.1454pt.
<response.png, id=38, 439.6425pt x 192.72pt>
File: response.png Graphic file (type png)
<use response.png>
Package pdftex.def Info: response.png  used on input line 173.
(pdftex.def)             Requested size: 113.81102pt x 49.8884pt.


LaTeX Warning: `!h' float specifier changed to `!ht'.

[5 <./branch_page.png> <./list_area.png> <./add_area.png>]
<list_equipments.png, id=45, 1838.87pt x 565.11125pt>
File: list_equipments.png Graphic file (type png)
<use list_equipments.png>
Package pdftex.def Info: list_equipments.png  used on input line 191.
(pdftex.def)             Requested size: 398.33858pt x 122.41057pt.
<add_equipment.png, id=46, 657.45625pt x 655.44875pt>
File: add_equipment.png Graphic file (type png)
<use add_equipment.png>
Package pdftex.def Info: add_equipment.png  used on input line 197.
(pdftex.def)             Requested size: 227.62204pt x 226.92017pt.
<register_consume.png, id=47, 1842.885pt x 477.785pt>
File: register_consume.png Graphic file (type png)
<use register_consume.png>
Package pdftex.def Info: register_consume.png  used on input line 208.
(pdftex.def)             Requested size: 398.33858pt x 103.26854pt.
 [6 <./response.png> <./list_equipments.png> <./add_equipment.png>]
<consult_page.png, id=54, 999.735pt x 439.6425pt>
File: consult_page.png Graphic file (type png)
<use consult_page.png>
Package pdftex.def Info: consult_page.png  used on input line 222.
(pdftex.def)             Requested size: 284.52756pt x 125.12498pt.
<total_consumption.png, id=55, 1443.3925pt x 924.45375pt>
File: total_consumption.png Graphic file (type png)
<use total_consumption.png>
Package pdftex.def Info: total_consumption.png  used on input line 230.
(pdftex.def)             Requested size: 398.33858pt x 255.12129pt.


LaTeX Warning: `!h' float specifier changed to `!ht'.

<monthly_average.png, id=56, 1401.235pt x 960.58875pt>
File: monthly_average.png Graphic file (type png)
<use monthly_average.png>
Package pdftex.def Info: monthly_average.png  used on input line 236.
(pdftex.def)             Requested size: 398.33858pt x 273.06708pt.

LaTeX Warning: `!h' float specifier changed to `!ht'.

<predict_consume.png, id=57, 569.12625pt x 665.48625pt>
File: predict_consume.png Graphic file (type png)
<use predict_consume.png>
Package pdftex.def Info: predict_consume.png  used on input line 242.
(pdftex.def)             Requested size: 284.52756pt x 332.71184pt.

LaTeX Warning: `!h' float specifier changed to `!ht'.

<consult_equipments.png, id=58, 1391.1975pt x 638.385pt>
File: consult_equipments.png Graphic file (type png)
<use consult_equipments.png>
Package pdftex.def Info: consult_equipments.png  used on input line 248.
(pdftex.def)             Requested size: 398.33858pt x 182.77933pt.

LaTeX Warning: `!h' float specifier changed to `!ht'.

<identify_branches.png, id=59, 1401.235pt x 827.09pt>
File: identify_branches.png Graphic file (type png)
<use identify_branches.png>
Package pdftex.def Info: identify_branches.png  used on input line 254.
(pdftex.def)             Requested size: 398.33858pt x 235.11731pt.

LaTeX Warning: `!h' float specifier changed to `!ht'.

[7 <./register_consume.png> <./consult_page.png>] [8 <./total_consumption.png> <./monthly_average.png>] [9 <./predict_consume.png> <./consult_equipments.png>] [10 <./identify_branches.png>] (./manual_de_usuario.aux)
 ***********
LaTeX2e <2023-11-01> patch level 1
L3 programming layer <2024-01-22>
 ***********
 ) 
Here is how much of TeX's memory you used:
 2037 strings out of 474222
 34039 string characters out of 5748732
 1933975 words of memory out of 5000000
 24311 multiletter control sequences out of 15000+600000
 562659 words of font info for 51 fonts, out of 8000000 for 9000
 1141 hyphenation exceptions out of 8191
 57i,7n,65p,625b,311s stack positions out of 10000i,1000n,20000p,200000b,200000s
</usr/share/texlive/texmf-dist/fonts/type1/public/amsfonts/cm/cmbx10.pfb></usr/share/texlive/texmf-dist/fonts/type1/public/amsfonts/cm/cmbx12.pfb></usr/share/texlive/texmf-dist/fonts/type1/public/amsfonts/cm/cmr10.pfb></usr/share/texlive/texmf-dist/fonts/type1/public/amsfonts/cm/cmr17.pfb></usr/share/texmf/fonts/type1/public/cm-super/sfrm1000.pfb>
Output written on manual_de_usuario.pdf (10 pages, 5090945 bytes).
PDF statistics:
 104 PDF objects out of 1000 (max. 8388607)
 41 compressed objects within 1 object stream
 0 named destinations out of 1000 (max. 500000)
 101 words of extra memory for PDF output out of 10000 (max. 10000000)

